<?xml version="1.0" encoding="UTF-8"?>
<testng-results skipped="0" failed="0" total="3" passed="3">
  <reporter-output>
  </reporter-output>
  <suite name="Default suite" duration-ms="739" started-at="2016-05-17T23:33:31Z" finished-at="2016-05-17T23:33:32Z">
    <groups>
    </groups>
    <test name="Default test" duration-ms="739" started-at="2016-05-17T23:33:31Z" finished-at="2016-05-17T23:33:32Z">
      <class name="com.javacodegeeks.mockito.MockitoVerifyExample">
        <test-method status="PASS" signature="setupMock()[pri:0, instance:com.javacodegeeks.mockito.MockitoVerifyExample@5cc7c2a6]" name="setupMock" is-config="true" duration-ms="658" started-at="2016-05-18T08:33:31Z" finished-at="2016-05-18T08:33:32Z">
          <reporter-output>
          </reporter-output>
        </test-method> <!-- setupMock -->
        <test-method status="PASS" signature="withdraw()[pri:0, instance:com.javacodegeeks.mockito.MockitoVerifyExample@5cc7c2a6]" name="withdraw" duration-ms="19" started-at="2016-05-18T08:33:32Z" finished-at="2016-05-18T08:33:32Z">
          <reporter-output>
          </reporter-output>
        </test-method> <!-- withdraw -->
        <test-method status="PASS" signature="setupMock()[pri:0, instance:com.javacodegeeks.mockito.MockitoVerifyExample@5cc7c2a6]" name="setupMock" is-config="true" duration-ms="0" started-at="2016-05-18T08:33:32Z" finished-at="2016-05-18T08:33:32Z">
          <reporter-output>
          </reporter-output>
        </test-method> <!-- setupMock -->
        <test-method status="PASS" signature="withdrawAndVerifyOrder()[pri:0, instance:com.javacodegeeks.mockito.MockitoVerifyExample@5cc7c2a6]" name="withdrawAndVerifyOrder" duration-ms="33" started-at="2016-05-18T08:33:32Z" finished-at="2016-05-18T08:33:32Z">
          <reporter-output>
          </reporter-output>
        </test-method> <!-- withdrawAndVerifyOrder -->
        <test-method status="PASS" signature="setupMock()[pri:0, instance:com.javacodegeeks.mockito.MockitoVerifyExample@5cc7c2a6]" name="setupMock" is-config="true" duration-ms="1" started-at="2016-05-18T08:33:32Z" finished-at="2016-05-18T08:33:32Z">
          <reporter-output>
          </reporter-output>
        </test-method> <!-- setupMock -->
        <test-method status="PASS" signature="withdrawButNotEnoughFunds()[pri:0, instance:com.javacodegeeks.mockito.MockitoVerifyExample@5cc7c2a6]" name="withdrawButNotEnoughFunds" duration-ms="3" started-at="2016-05-18T08:33:32Z" finished-at="2016-05-18T08:33:32Z">
          <exception class="com.javacodegeeks.mockito.NotEnoughFundsException">
            <full-stacktrace>
              <![CDATA[com.javacodegeeks.mockito.NotEnoughFundsException
	at com.javacodegeeks.mockito.Customer.withdraw(Customer.java:10)
	at com.javacodegeeks.mockito.MockitoVerifyExample.withdrawButNotEnoughFunds(MockitoVerifyExample.java:34)
	at sun.reflect.NativeMethodAccessorImpl.invoke0(Native Method)
	at sun.reflect.NativeMethodAccessorImpl.invoke(NativeMethodAccessorImpl.java:62)
	at sun.reflect.DelegatingMethodAccessorImpl.invoke(DelegatingMethodAccessorImpl.java:43)
	at java.lang.reflect.Method.invoke(Method.java:498)
	at org.testng.internal.MethodInvocationHelper.invokeMethod(MethodInvocationHelper.java:84)
	at org.testng.internal.Invoker.invokeMethod(Invoker.java:714)
	at org.testng.internal.Invoker.invokeTestMethod(Invoker.java:901)
	at org.testng.internal.Invoker.invokeTestMethods(Invoker.java:1231)
	at org.testng.internal.TestMethodWorker.invokeTestMethods(TestMethodWorker.java:127)
	at org.testng.internal.TestMethodWorker.run(TestMethodWorker.java:111)
	at org.testng.TestRunner.privateRun(TestRunner.java:767)
	at org.testng.TestRunner.run(TestRunner.java:617)
	at org.testng.SuiteRunner.runTest(SuiteRunner.java:348)
	at org.testng.SuiteRunner.runSequentially(SuiteRunner.java:343)
	at org.testng.SuiteRunner.privateRun(SuiteRunner.java:305)
	at org.testng.SuiteRunner.run(SuiteRunner.java:254)
	at org.testng.SuiteRunnerWorker.runSuite(SuiteRunnerWorker.java:52)
	at org.testng.SuiteRunnerWorker.run(SuiteRunnerWorker.java:86)
	at org.testng.TestNG.runSuitesSequentially(TestNG.java:1224)
	at org.testng.TestNG.runSuitesLocally(TestNG.java:1149)
	at org.testng.TestNG.run(TestNG.java:1057)
	at org.testng.remote.AbstractRemoteTestNG.run(AbstractRemoteTestNG.java:126)
	at org.testng.remote.RemoteTestNG.initAndRun(RemoteTestNG.java:137)
	at org.testng.remote.RemoteTestNG.main(RemoteTestNG.java:58)
]]>
            </full-stacktrace>
          </exception> <!-- com.javacodegeeks.mockito.NotEnoughFundsException -->
          <reporter-output>
          </reporter-output>
        </test-method> <!-- withdrawButNotEnoughFunds -->
      </class> <!-- com.javacodegeeks.mockito.MockitoVerifyExample -->
    </test> <!-- Default test -->
  </suite> <!-- Default suite -->
</testng-results>
