<?xml version="1.0" encoding="UTF-8"?>
<!-- Generated by org.testng.reporters.JUnitReportReporter -->
<testsuite hostname="HoyaMacBookPro.local" name="com.javacodegeeks.mockito.MockitoVerifyExample" tests="3" failures="0" timestamp="17 May 2016 23:33:32 GMT" time="0.714" errors="0">
  <testcase name="withdrawButNotEnoughFunds" time="0.003" classname="com.javacodegeeks.mockito.MockitoVerifyExample"/>
  <testcase name="withdrawAndVerifyOrder" time="0.034" classname="com.javacodegeeks.mockito.MockitoVerifyExample"/>
  <testcase name="withdraw" time="0.677" classname="com.javacodegeeks.mockito.MockitoVerifyExample"/>
</testsuite> <!-- com.javacodegeeks.mockito.MockitoVerifyExample -->
